<?xml version="1.0" encoding="utf-8" standalone="no"?>
<!--This file represents the results of running a test suite-->
<test-results name="C:\Users\Alex Hung\Documents\My Dropbox\AgileFirestarter\2010\labs\TDD\start\Primes.nunit" total="1" errors="0" failures="0" not-run="0" inconclusive="0" ignored="0" skipped="0" invalid="0" date="2010-03-27" time="11:59:24">
  <environment nunit-version="2.5.3.9345" clr-version="2.0.50727.4927" os-version="Microsoft Windows NT 6.1.7600.0" platform="Win32NT" cwd="C:\Program Files (x86)\NUnit 2.5.3\bin\net-2.0" machine-name="ALEXHUNG-LAPTOP" user="Alex Hung" user-domain="AlexHung-Laptop" />
  <culture-info current-culture="en-US" current-uiculture="en-US" />
  <test-suite name="C:\Users\Alex Hung\Documents\My Dropbox\AgileFirestarter\2010\labs\TDD\start\Primes.nunit" executed="True" success="True" time="0.058" asserts="0">
    <results>
      <test-suite name="C:\Users\Alex Hung\Documents\My Dropbox\AgileFirestarter\2010\labs\TDD\start\test\Primes.Tests\bin\Debug\Primes.Tests.dll" executed="True" success="True" time="0.049" asserts="0">
        <results>
          <test-suite name="Primes" executed="True" success="True" time="0.049" asserts="0">
            <results>
              <test-suite name="EvaluationEngine" executed="True" success="True" time="0.047" asserts="0">
                <results>
                  <test-suite name="When_Number_Is_Evaluated" executed="True" success="True" time="0.046" asserts="0">
                    <results>
                      <test-case name="Primes.EvaluationEngine.When_Number_Is_Evaluated.Can_Accept_Candidate_When_Zero" executed="True" success="True" time="0.032" asserts="1" />
                    </results>
                  </test-suite>
                </results>
              </test-suite>
            </results>
          </test-suite>
        </results>
      </test-suite>
    </results>
  </test-suite>
</test-results>