<?xml version="1.0" encoding="utf-8" standalone="no"?>
<!--This file represents the results of running a test suite-->
<test-results name="C:\Projects\Personal\agilefire\November2010\Labs\TDD\solution\Primes.nunit" total="12" errors="0" failures="0" not-run="0" inconclusive="0" ignored="0" skipped="0" invalid="0" date="2011-01-09" time="16:49:42">
  <environment nunit-version="2.5.9.10348" clr-version="2.0.50727.4952" os-version="Microsoft Windows NT 6.1.7600.0" platform="Win32NT" cwd="C:\Projects\Personal\agilefire\November2010\Labs\TDD\lib\NUnit-2.5.9.10348\bin\net-2.0" machine-name="ALEXHUNG-LAPTOP" user="AHung" user-domain="BALLYHOO" />
  <culture-info current-culture="en-US" current-uiculture="en-US" />
  <test-suite type="Project" name="C:\Projects\Personal\agilefire\November2010\Labs\TDD\solution\Primes.nunit" executed="True" result="Success" success="True" time="0.199" asserts="0">
    <results>
      <test-suite type="Assembly" name="C:\Projects\Personal\agilefire\November2010\Labs\TDD\solution\test\Primes.Tests\bin\Debug\Primes.Tests.dll" executed="True" result="Success" success="True" time="0.161" asserts="0">
        <results>
          <test-suite type="Namespace" name="Primes" executed="True" result="Success" success="True" time="0.157" asserts="0">
            <results>
              <test-suite type="Namespace" name="Tests" executed="True" result="Success" success="True" time="0.157" asserts="0">
                <results>
                  <test-suite type="Namespace" name="EvaluationEngine" executed="True" result="Success" success="True" time="0.090" asserts="0">
                    <results>
                      <test-suite type="TestFixture" name="When_Candidate_Is_Even" executed="True" result="Success" success="True" time="0.063" asserts="0">
                        <results>
                          <test-case name="Primes.Tests.EvaluationEngine.When_Candidate_Is_Even.Should_Return_False" executed="True" result="Success" success="True" time="0.053" asserts="1" />
                        </results>
                      </test-suite>
                      <test-suite type="TestFixture" name="When_Candidate_Is_Negative" executed="True" result="Success" success="True" time="0.001" asserts="0">
                        <results>
                          <test-case name="Primes.Tests.EvaluationEngine.When_Candidate_Is_Negative.Should_Return_False" executed="True" result="Success" success="True" time="0.001" asserts="1" />
                        </results>
                      </test-suite>
                      <test-suite type="TestFixture" name="When_Candidate_Is_One" executed="True" result="Success" success="True" time="0.000" asserts="0">
                        <results>
                          <test-case name="Primes.Tests.EvaluationEngine.When_Candidate_Is_One.Should_Return_False" executed="True" result="Success" success="True" time="0.000" asserts="1" />
                        </results>
                      </test-suite>
                      <test-suite type="TestFixture" name="When_Candidate_Is_Two" executed="True" result="Success" success="True" time="0.001" asserts="0">
                        <results>
                          <test-case name="Primes.Tests.EvaluationEngine.When_Candidate_Is_Two.Should_Return_True" executed="True" result="Success" success="True" time="0.001" asserts="1" />
                        </results>
                      </test-suite>
                      <test-suite type="TestFixture" name="When_Candidate_Is_Zero" executed="True" result="Success" success="True" time="0.001" asserts="0">
                        <results>
                          <test-case name="Primes.Tests.EvaluationEngine.When_Candidate_Is_Zero.Should_Return_False" executed="True" result="Success" success="True" time="0.001" asserts="1" />
                        </results>
                      </test-suite>
                      <test-suite type="TestFixture" name="When_Evaluating_Number" executed="True" result="Success" success="True" time="0.002" asserts="0">
                        <results>
                          <test-case name="Primes.Tests.EvaluationEngine.When_Evaluating_Number.Should_Return_False_For_Non_Prime" executed="True" result="Success" success="True" time="0.000" asserts="1" />
                          <test-case name="Primes.Tests.EvaluationEngine.When_Evaluating_Number.Should_Return_True_For_Prime" executed="True" result="Success" success="True" time="0.001" asserts="1" />
                        </results>
                      </test-suite>
                    </results>
                  </test-suite>
                  <test-suite type="Namespace" name="Formatter" executed="True" result="Success" success="True" time="0.048" asserts="0">
                    <results>
                      <test-suite type="TestFixture" name="When_Formatting_Output" executed="True" result="Success" success="True" time="0.046" asserts="0">
                        <results>
                          <test-case name="Primes.Tests.Formatter.When_Formatting_Output.Should_Contains_Count_For_Every_Tenth_Line" executed="True" result="Success" success="True" time="0.003" asserts="6" />
                          <test-case name="Primes.Tests.Formatter.When_Formatting_Output.Should_Have_No_More_Than_Five_Items_For_Each_Output_Line" executed="True" result="Success" success="True" time="0.010" asserts="2" />
                          <test-case name="Primes.Tests.Formatter.When_Formatting_Output.Should_Return_Collection_of_Output_Lines" executed="True" result="Success" success="True" time="0.025" asserts="1" />
                        </results>
                      </test-suite>
                    </results>
                  </test-suite>
                  <test-suite type="Namespace" name="Generator" executed="True" result="Success" success="True" time="0.013" asserts="0">
                    <results>
                      <test-suite type="TestFixture" name="When_Calculating_Range_Of_Primes" executed="True" result="Success" success="True" time="0.008" asserts="0">
                        <results>
                          <test-case name="Primes.Tests.Generator.When_Calculating_Range_Of_Primes.Should_Return_Values_Comma_Delimited" executed="True" result="Success" success="True" time="0.008" asserts="1" />
                        </results>
                      </test-suite>
                      <test-suite type="TestFixture" name="When_No_Primes_Found_In_Range" executed="True" result="Success" success="True" time="0.001" asserts="0">
                        <results>
                          <test-case name="Primes.Tests.Generator.When_No_Primes_Found_In_Range.Should_Return_Empty_String" executed="True" result="Success" success="True" time="0.001" asserts="1" />
                        </results>
                      </test-suite>
                    </results>
                  </test-suite>
                </results>
              </test-suite>
            </results>
          </test-suite>
        </results>
      </test-suite>
    </results>
  </test-suite>
</test-results>